2026/02/16 12:53:32 active-response/bin/netsh.exe: Starting
2026/02/16 12:53:32 active-response/bin/netsh.exe: {"version":1,"origin":{"name":"node01","module":"wazuh-execd"},"command":"add","parameters":{"extra_args":[],"alert":{"timestamp":"2026-02-16T11:53:32.624+0000",
"rule":{"level":5,"description":"Logon Failure - Unknown user or bad password","id":"60122","mitre":{"id":["T1531"],"tactic":["Impact"],"technique":["Account Access Removal"]},
"firedtimes":5,"mail":false,"groups":["windows","windows_security","authentication_failed"],"pci_dss":["10.2.4","10.2.5"],"gpg13":["7.1"],"gdpr":["IV_35.7.d","IV_32.2"],"hipaa":["164.312.b"],"nist_800_53":["AU.14","AC.7"],
"tsc":["CC6.1","CC6.8","CC7.2","CC7.3"]},"agent":{"id":"001","name":"Win11-Desktop","ip":"192.168.10.236"},"manager":{"name":"wazuh-physical"},"id":"1771242812.1890036","decoder":{"name":"windows_eventchannel"},
"data":{"win":{"system":{"providerName":"Microsoft-Windows-Security-Auditing","providerGuid":"{54849625-5478-4994-a5ba-3e3b0328c30d}","eventID":"4625","version":"0","level":"0","task":"12544","opcode":"0",
"keywords":"0x8010000000000000","systemTime":"2026-02-16T11:53:31.6139119Z","eventRecordID":"51395","processID":"1604","threadID":"16832","channel":"Security","computer":"DESKTOP-2ESGCIK","severityValue":"AUDIT_FAILURE",
"message":"\"An account failed to log on.\r\n\r\nSubject:\r\n\tSecurity ID:\t\tS-1-5-18\r\n\tAccount Name:\t\tDESKTOP-2ESGCIK$\r\n\tAccount Domain:\t\tWORKGROUP\r\n\tLogon ID:\t\t0x3E7\r\n\r\nLogon 
Type:\t\t\t11\r\n\r\nAccount For Which Logon Failed:\r\n\tSecurity ID:\t\tS-1-0-0\r\n\tAccount Name:\t\tAndrea\r\n\tAccount Domain:\t\tDESKTOP-2ESGCIK\r\n\r\nFailure Information:\r\n\tFailure Reason:\t\tAn Error occured during
Logon.\r\n\tStatus:\t\t\t0xC000010B\r\n\tSub Status:\t\t0x0\r\n\r\nProcess Information:\r\n\tCaller Process ID:\t0x34b0\r\n\tCaller Process Name:\tC:\\Windows\\System32\\consent.exe\r\n\r\nNetwork Information:\r\n\tWorkstation 
Name:\tDESKTOP-2ESGCIK\r\n\tSource Network Address:\t::1\r\n\tSource Port:\t\t0\r\n\r\nDetailed Authentication Information:\r\n\tLogon Process:\t\tCredPro\r\n\tAuthentication Package:\tNegotiate\r\n\t
Transited Services:\t-\r\n\tPackage Name (NTLM only):\t-\r\n\tKey Length:\t\t0\r\n\r\nThis event is generated when a logon request fails. It is generated on the computer where access was attempted.\r\n\r\n
The Subject fields indicate the account on the local system which requested the logon. This is most commonly a service such as the Server service, or a local process such as Winlogon.exe or Services.exe.\r\n\r\n
The Logon Type field indicates the kind of logon that was requested. The most common types are 2 (interactive) and 3 (network).\r\n\r\nThe Process Information fields indicate which account and process on the system 
requested the logon.\r\n\r\nThe Network Information fields indicate where a remote logon request originated. Workstation name is not always available and may be left blank in some cases.\r\n\r\n
The authentication information fields provide detailed information about this specific logon request.\r\n\t- Transited services indicate which intermediate services have participated in this logon request.\r\n\t- 
Package name indicates which sub-protocol was used among the NTLM protocols.\r\n\t- Key length indicates the length of the generated session key. This will be 0 if no session key was requested.\""},
"eventdata":{"subjectUserSid":"S-1-5-18","subjectUserName":"DESKTOP-2ESGCIK$","subjectDomainName":"WORKGROUP","subjectLogonId":"0x3e7","targetUserSid":"S-1-0-0","targetUserName":"Andrea",
"targetDomainName":"DESKTOP-2ESGCIK","status":"0xc000010b","failureReason":"%%2304","subStatus":"0x0","logonType":"11","logonProcessName":"CredPro","authenticationPackageName":"Negotiate",
"workstationName":"DESKTOP-2ESGCIK","keyLength":"0","processId":"0x34b0","processName":"C:\\\\Windows\\\\System32\\\\consent.exe","ipAddress":"::1","ipPort":"0"}}},"location":"EventChannel"},
"program":"active-response/bin/netsh.exe"}}

2026/02/16 12:53:32 active-response/bin/netsh.exe: {"version":1,"origin":{"name":"netsh.exe","module":"active-response"},"command":"check_keys","parameters":{"keys":["::1"]}}
2026/02/16 12:53:32 active-response/bin/netsh.exe: {"version":1,"origin":{"name":"node01","module":"wazuh-execd"},"command":"abort","parameters":{"extra_args":[],"alert":{"timestamp":"2026-02-16T11:53:32.624+0000" 
"rule":{"level":5,"description":"Logon Failure - Unknown user or bad password","id":"60122","mitre":{"id":["T1531"],"tactic":["Impact"],"technique":["Account Access Removal"]},"firedtimes":5,"mail":false,
"groups":["windows","windows_security","authentication_failed"],"pci_dss":["10.2.4","10.2.5"],"gpg13":["7.1"],"gdpr":["IV_35.7.d","IV_32.2"],"hipaa":["164.312.b"],"nist_800_53":["AU.14","AC.7"],
"tsc":["CC6.1","CC6.8","CC7.2","CC7.3"]},"agent":{"id":"001","name":"Win11-Desktop","ip":"192.168.10.236"},"manager":{"name":"wazuh-physical"},"id":"1771242812.1890036","decoder":{"name":"windows_eventchannel"},
"data":{"win":{"system":{"providerName":"Microsoft-Windows-Security-Auditing","providerGuid":"{54849625-5478-4994-a5ba-3e3b0328c30d}","eventID":"4625","version":"0","level":"0","task":"12544","opcode":"0",
"keywords":"0x8010000000000000","systemTime":"2026-02-16T11:53:31.6139119Z","eventRecordID":"51395","processID":"1604","threadID":"16832","channel":"Security","computer":"DESKTOP-2ESGCIK",
"severityValue":"AUDIT_FAILURE","message":"\"An account failed to log on.\r\n\r\nSubject:\r\n\tSecurity ID:\t\tS-1-5-18\r\n\tAccount Name:\t\tDESKTOP-2ESGCIK$\r\n\tAccount Domain:\t\tWORKGROUP\r\n\t
Logon ID:\t\t0x3E7\r\n\r\nLogon Type:\t\t\t11\r\n\r\nAccount For Which Logon Failed:\r\n\tSecurity ID:\t\tS-1-0-0\r\n\tAccount Name:\t\tAndrea\r\n\tAccount Domain:\t\tDESKTOP-2ESGCIK\r\n\r\n
Failure Information:\r\n\tFailure Reason:\t\tAn Error occured during Logon.\r\n\tStatus:\t\t\t0xC000010B\r\n\tSub Status:\t\t0x0\r\n\r\nProcess Information:\r\n\tCaller Process ID:\t0x34b0\r\n\t
Caller Process Name:\tC:\\Windows\\System32\\consent.exe\r\n\r\nNetwork Information:\r\n\tWorkstation Name:\tDESKTOP-2ESGCIK\r\n\tSource Network Address:\t::1\r\n\tSource Port:\t\t0\r\n\r\n
Detailed Authentication Information:\r\n\tLogon Process:\t\tCredPro\r\n\tAuthentication Package:\tNegotiate\r\n\tTransited Services:\t-\r\n\tPackage Name (NTLM only):\t-\r\n\tKey Length:\t\t0\r\n\r\n
This event is generated when a logon request fails. It is generated on the computer where access was attempted.\r\n\r\nThe Subject fields indicate the account on the local system which requested the logon. 
This is most commonly a service such as the Server service, or a local process such as Winlogon.exe or Services.exe.\r\n\r\nThe Logon Type field indicates the kind of logon that was requested. 
The most common types are 2 (interactive) and 3 (network).\r\n\r\nThe Process Information fields indicate which account and process on the system requested the logon.\r\n\r\n
The Network Information fields indicate where a remote logon request originated. Workstation name is not always available and may be left blank in some cases.\r\n\r\nThe authentication information fields provide detailed 
information about this specific logon request.\r\n\t- Transited services indicate which intermediate services have participated in this logon request.\r\n\t- Package name indicates which sub-protocol was used among the
NTLM protocols.\r\n\t- Key length indicates the length of the generated session key. This will be 0 if no session key was requested.\""},"eventdata":{"subjectUserSid":"S-1-5-18","subjectUserName":"DESKTOP-2ESGCIK$",
"subjectDomainName":"WORKGROUP","subjectLogonId":"0x3e7","targetUserSid":"S-1-0-0","targetUserName":"Andrea","targetDomainName":"DESKTOP-2ESGCIK","status":"0xc000010b","failureReason":"%%2304","subStatus":"0x0",
"logonType":"11","logonProcessName":"CredPro","authenticationPackageName":"Negotiate","workstationName":"DESKTOP-2ESGCIK","keyLength":"0","processId":"0x34b0","processName":"C:\\\\Windows\\\\System32\\\\consent.exe",
"ipAddress":"::1","ipPort":"0"}}},"location":"EventChannel"},"program":"active-response/bin/netsh.exe"}}

2026/02/16 12:53:32 active-response/bin/netsh.exe: Aborted
